[debug] [2024-11-22T17:32:40.604Z] ----------------------------------------------------------------------
[debug] [2024-11-22T17:32:40.605Z] Command:       /opt/homebrew/Cellar/node/22.9.0_1/bin/node /opt/homebrew/bin/firebase emulators:start --only functions
[debug] [2024-11-22T17:32:40.605Z] CLI Version:   13.27.0
[debug] [2024-11-22T17:32:40.605Z] Platform:      darwin
[debug] [2024-11-22T17:32:40.605Z] Node Version:  v22.9.0
[debug] [2024-11-22T17:32:40.606Z] Time:          Fri Nov 22 2024 09:32:40 GMT-0800 (Pacific Standard Time)
[debug] [2024-11-22T17:32:40.606Z] ----------------------------------------------------------------------
[debug] 
[debug] [2024-11-22T17:32:40.651Z] > command requires scopes: ["email","openid","https://www.googleapis.com/auth/cloudplatformprojects.readonly","https://www.googleapis.com/auth/firebase","https://www.googleapis.com/auth/cloud-platform"]
[debug] [2024-11-22T17:32:40.651Z] > authorizing via signed-in user (aguinaga.sean@gmail.com)
[info] i  emulators: Starting emulators: functions {"metadata":{"emulator":{"name":"hub"},"message":"Starting emulators: functions"}}
[debug] [2024-11-22T17:32:40.955Z] [logging] Logging Emulator only supports listening on one address (127.0.0.1). Not listening on ::1
[debug] [2024-11-22T17:32:40.956Z] assigned listening specs for emulators {"user":{"hub":[{"address":"127.0.0.1","family":"IPv4","port":4400},{"address":"::1","family":"IPv6","port":4400}],"ui":[{"address":"127.0.0.1","family":"IPv4","port":4000},{"address":"::1","family":"IPv6","port":4000}],"logging":[{"address":"127.0.0.1","family":"IPv4","port":4500}]},"metadata":{"message":"assigned listening specs for emulators"}}
[debug] [2024-11-22T17:32:40.958Z] [hub] writing locator at /var/folders/dg/m_2byh495c1_jlc150wk15f00000gp/T/hub-genkit-firebase-spa.json
[debug] [2024-11-22T17:32:41.259Z] [functions] Functions Emulator only supports listening on one address (127.0.0.1). Not listening on ::1
[debug] [2024-11-22T17:32:41.259Z] [eventarc] Eventarc Emulator only supports listening on one address (127.0.0.1). Not listening on ::1
[debug] [2024-11-22T17:32:41.259Z] [tasks] Cloud Tasks Emulator only supports listening on one address (127.0.0.1). Not listening on ::1
[debug] [2024-11-22T17:32:41.259Z] late-assigned ports for functions and eventarc emulators {"user":{"hub":[{"address":"127.0.0.1","family":"IPv4","port":4400},{"address":"::1","family":"IPv6","port":4400}],"ui":[{"address":"127.0.0.1","family":"IPv4","port":4000},{"address":"::1","family":"IPv6","port":4000}],"logging":[{"address":"127.0.0.1","family":"IPv4","port":4500}],"functions":[{"address":"127.0.0.1","family":"IPv4","port":5001}],"eventarc":[{"address":"127.0.0.1","family":"IPv4","port":9299}],"tasks":[{"address":"127.0.0.1","family":"IPv4","port":9499}]},"metadata":{"message":"late-assigned ports for functions and eventarc emulators"}}
[warn] ⚠  functions: The following emulators are not running, calls to these services from the Functions emulator will affect production: apphosting, auth, firestore, database, hosting, pubsub, storage, dataconnect {"metadata":{"emulator":{"name":"functions"},"message":"The following emulators are not running, calls to these services from the Functions emulator will affect production: \u001b[1mapphosting, auth, firestore, database, hosting, pubsub, storage, dataconnect\u001b[22m"}}
[debug] [2024-11-22T17:32:41.261Z] defaultcredentials: writing to file /Users/sean/.config/firebase/aguinaga_sean_gmail.com_application_default_credentials.json
[debug] [2024-11-22T17:32:41.262Z] Setting GAC to /Users/sean/.config/firebase/aguinaga_sean_gmail.com_application_default_credentials.json {"metadata":{"emulator":{"name":"functions"},"message":"Setting GAC to /Users/sean/.config/firebase/aguinaga_sean_gmail.com_application_default_credentials.json"}}
[debug] [2024-11-22T17:32:41.263Z] Checked if tokens are valid: true, expires at: 1732299596238
[debug] [2024-11-22T17:32:41.263Z] Checked if tokens are valid: true, expires at: 1732299596238
[debug] [2024-11-22T17:32:41.263Z] >>> [apiv2][query] GET https://firebase.googleapis.com/v1beta1/projects/genkit-firebase-spa/adminSdkConfig [none]
[debug] [2024-11-22T17:32:41.533Z] <<< [apiv2][status] GET https://firebase.googleapis.com/v1beta1/projects/genkit-firebase-spa/adminSdkConfig 200
[debug] [2024-11-22T17:32:41.534Z] <<< [apiv2][body] GET https://firebase.googleapis.com/v1beta1/projects/genkit-firebase-spa/adminSdkConfig {"projectId":"genkit-firebase-spa","databaseURL":"https://genkit-firebase-spa-default-rtdb.firebaseio.com","storageBucket":"genkit-firebase-spa.firebasestorage.app"}
[info] i  functions: Watching "/Users/sean/GitHub/genkit-firebase-spa/functions" for Cloud Functions... {"metadata":{"emulator":{"name":"functions"},"message":"Watching \"/Users/sean/GitHub/genkit-firebase-spa/functions\" for Cloud Functions..."}}
[debug] [2024-11-22T17:32:41.551Z] Validating nodejs source
[debug] [2024-11-22T17:32:41.948Z] > [functions] package.json contents: {
  "main": "lib/index.js",
  "scripts": {
    "genkit:start": "genkit start -- tsx --watch src/genkit-sample.ts",
    "lint": "eslint --ext .js,.ts .",
    "build": "tsc",
    "build:watch": "tsc --watch",
    "serve": "npm run build && firebase emulators:start --only functions",
    "shell": "npm run build && firebase functions:shell",
    "start": "npm run shell",
    "deploy": "firebase deploy --only functions",
    "logs": "firebase functions:log"
  },
  "name": "functions",
  "engines": {
    "node": "18"
  },
  "dependencies": {
    "@genkit-ai/firebase": "^0.9.3",
    "@genkit-ai/vertexai": "^0.9.3",
    "express": "^4.21.1",
    "firebase-admin": "^12.6.0",
    "firebase-functions": "^6.0.1",
    "genkit": "^0.9.3"
  },
  "devDependencies": {
    "@typescript-eslint/eslint-plugin": "^5.12.0",
    "@typescript-eslint/parser": "^5.12.0",
    "eslint": "^8.9.0",
    "eslint-config-google": "^0.14.0",
    "eslint-plugin-import": "^2.25.4",
    "firebase-functions-test": "^3.1.0",
    "genkit-cli": "^0.9.3",
    "tsx": "^4.19.2",
    "typescript": "^4.9.5"
  },
  "private": true
}
[debug] [2024-11-22T17:32:41.948Z] Building nodejs source
[debug] [2024-11-22T17:32:41.948Z] Failed to find version of module node: reached end of search path /Users/sean/GitHub/genkit-firebase-spa/functions/node_modules
[warn] ⚠  functions: Your requested "node" version "18" doesn't match your global version "22". Using node@22 from host. 
[debug] [2024-11-22T17:32:41.949Z] Could not find functions.yaml. Must use http discovery
[debug] [2024-11-22T17:32:41.953Z] Found firebase-functions binary at '/Users/sean/GitHub/genkit-firebase-spa/functions/node_modules/.bin/firebase-functions'
[info] Serving at port 8523

[error] (node:34379) [DEP0040] DeprecationWarning: The `punycode` module is deprecated. Please use a userland alternative instead.
(Use `node --trace-deprecation ...` to show where the warning was created)

[debug] [2024-11-22T17:32:42.758Z] Got response from /__/functions.yaml {"endpoints":{"menuSuggestionFlow":{"availableMemoryMb":512,"timeoutSeconds":null,"minInstances":null,"maxInstances":null,"ingressSettings":null,"concurrency":null,"serviceAccountEmail":null,"vpc":null,"platform":"gcfv2","labels":{},"httpsTrigger":{},"entryPoint":"menuSuggestionFlow"}},"specVersion":"v1alpha1","requiredAPIs":[],"extensions":{}}
[info] ✔  functions: Loaded functions definitions from source: menuSuggestionFlow. {"metadata":{"emulator":{"name":"functions"},"message":"Loaded functions definitions from source: menuSuggestionFlow."}}
[info] ✔  functions[us-central1-menuSuggestionFlow]: http function initialized (http://127.0.0.1:5001/genkit-firebase-spa/us-central1/menuSuggestionFlow). {"metadata":{"emulator":{"name":"functions"},"message":"\u001b[1mhttp\u001b[22m function initialized (http://127.0.0.1:5001/genkit-firebase-spa/us-central1/menuSuggestionFlow)."}}
[debug] [2024-11-22T17:32:46.778Z] Could not find VSCode notification endpoint: FetchError: request to http://localhost:40001/vscode/notify failed, reason: . If you are not running the Firebase Data Connect VSCode extension, this is expected and not an issue.
[info] 
┌─────────────────────────────────────────────────────────────┐
│ ✔  All emulators ready! It is now safe to connect your app. │
│ i  View Emulator UI at http://127.0.0.1:4000/               │
└─────────────────────────────────────────────────────────────┘

┌───────────┬────────────────┬─────────────────────────────────┐
│ Emulator  │ Host:Port      │ View in Emulator UI             │
├───────────┼────────────────┼─────────────────────────────────┤
│ Functions │ 127.0.0.1:5001 │ http://127.0.0.1:4000/functions │
└───────────┴────────────────┴─────────────────────────────────┘
  Emulator Hub running at 127.0.0.1:4400
  Other reserved ports: 4500

Issues? Report them at https://github.com/firebase/firebase-tools/issues and attach the *-debug.log files.
 
[debug] [2024-11-22T17:33:40.804Z] File /Users/sean/GitHub/genkit-firebase-spa/functions/src/genkit-sample.ts changed, reloading triggers {"metadata":{"emulator":{"name":"functions"},"message":"File /Users/sean/GitHub/genkit-firebase-spa/functions/src/genkit-sample.ts changed, reloading triggers"}}
[debug] [2024-11-22T17:33:41.805Z] Validating nodejs source
[debug] [2024-11-22T17:33:42.204Z] > [functions] package.json contents: {
  "main": "lib/index.js",
  "scripts": {
    "genkit:start": "genkit start -- tsx --watch src/genkit-sample.ts",
    "lint": "eslint --ext .js,.ts .",
    "build": "tsc",
    "build:watch": "tsc --watch",
    "serve": "npm run build && firebase emulators:start --only functions",
    "shell": "npm run build && firebase functions:shell",
    "start": "npm run shell",
    "deploy": "firebase deploy --only functions",
    "logs": "firebase functions:log"
  },
  "name": "functions",
  "engines": {
    "node": "18"
  },
  "dependencies": {
    "@genkit-ai/firebase": "^0.9.3",
    "@genkit-ai/vertexai": "^0.9.3",
    "express": "^4.21.1",
    "firebase-admin": "^12.6.0",
    "firebase-functions": "^6.0.1",
    "genkit": "^0.9.3"
  },
  "devDependencies": {
    "@typescript-eslint/eslint-plugin": "^5.12.0",
    "@typescript-eslint/parser": "^5.12.0",
    "eslint": "^8.9.0",
    "eslint-config-google": "^0.14.0",
    "eslint-plugin-import": "^2.25.4",
    "firebase-functions-test": "^3.1.0",
    "genkit-cli": "^0.9.3",
    "tsx": "^4.19.2",
    "typescript": "^4.9.5"
  },
  "private": true
}
[debug] [2024-11-22T17:33:42.204Z] Building nodejs source
[debug] [2024-11-22T17:33:42.204Z] Failed to find version of module node: reached end of search path /Users/sean/GitHub/genkit-firebase-spa/functions/node_modules
[warn] ⚠  functions: Your requested "node" version "18" doesn't match your global version "22". Using node@22 from host. 
[debug] [2024-11-22T17:33:42.204Z] Could not find functions.yaml. Must use http discovery
[debug] [2024-11-22T17:33:42.205Z] Found firebase-functions binary at '/Users/sean/GitHub/genkit-firebase-spa/functions/node_modules/.bin/firebase-functions'
[info] Serving at port 8653

[error] (node:34757) [DEP0040] DeprecationWarning: The `punycode` module is deprecated. Please use a userland alternative instead.
(Use `node --trace-deprecation ...` to show where the warning was created)

[debug] [2024-11-22T17:33:42.860Z] Got response from /__/functions.yaml {"endpoints":{"menuSuggestionFlow":{"availableMemoryMb":512,"timeoutSeconds":null,"minInstances":null,"maxInstances":null,"ingressSettings":null,"concurrency":null,"serviceAccountEmail":null,"vpc":null,"platform":"gcfv2","labels":{},"httpsTrigger":{},"entryPoint":"menuSuggestionFlow"}},"specVersion":"v1alpha1","requiredAPIs":[],"extensions":{}}
[info] ✔  functions: Loaded functions definitions from source: menuSuggestionFlow. {"metadata":{"emulator":{"name":"functions"},"message":"Loaded functions definitions from source: menuSuggestionFlow."}}
